<?xml version="1.0" encoding="UTF-8"?>
<!-- Generated by org.testng.reporters.JUnitReportReporter -->
<testsuite hostname="C02DCP4XML7H" failures="0" tests="2" name="com.alpha.qa.test.SearchFuncTest" time="7.533" errors="0" timestamp="2022-11-20T22:53:17 IST" skipped="0">
  <testcase classname="com.alpha.qa.test.SearchFuncTest" name="search" time="4.457"/>
  <system-out/>
  <testcase classname="com.alpha.qa.test.SearchFuncTest" name="search" time="3.076"/>
  <system-out/>
</testsuite> <!-- com.alpha.qa.test.SearchFuncTest -->
